500
0
1
eji-a 496
1
2
a-b 379
ejj-b 173
2
1
b-c 591
3
2
c-d 17
ejj-d 237
4
1
d-e 477
5
2
e-f 334
ejj-f 467
6
1
f-g 12
7
2
g-h 389
ejj-h 553
8
1
h-i 51
9
2
i-j 220
ejj-j 376
10
1
j-ba 503
11
2
ba-bb 216
ejj-bb 86
12
1
bb-bc 58
13
2
bc-bd 626
ejj-bd 613
14
1
bd-be 215
15
2
be-bf 397
ejj-bf 230
16
1
bf-bg 540
17
2
bg-bh 440
ejj-bh 590
18
1
bh-bi 235
19
2
bi-bj 664
ejj-bj 367
20
1
bj-ca 57
21
2
ca-cb 475
ejj-cb 262
22
1
cb-cc 73
23
2
cc-cd 191
ejj-cd 397
24
1
cd-ce 424
25
2
ce-cf 188
ejj-cf 277
26
1
cf-cg 636
27
2
cg-ch 32
ejj-ch 318
28
1
ch-ci 248
29
2
ci-cj 551
ejj-cj 425
30
1
cj-da 672
31
2
da-db 581
ejj-db 17
32
1
db-dc 605
33
2
dc-dd 434
ejj-dd 210
34
1
dd-de 174
35
2
de-df 317
ejj-df 363
36
1
df-dg 431
37
2
dg-dh 463
ejj-dh 629
38
1
dh-di 337
39
2
di-dj 400
ejj-dj 192
40
1
dj-ea 154
41
2
ea-eb 18
ejj-eb 488
42
1
eb-ec 175
43
2
ec-ed 506
ejj-ed 321
44
1
ed-ee 203
45
2
ee-ef 129
ejj-ef 263
46
1
ef-eg 241
47
2
eg-eh 305
ejj-eh 455
48
1
eh-ei 537
49
2
ei-ej 51
ejj-ej 8
50
1
ej-fa 631
51
2
fa-fb 94
ejj-fb 138
52
1
fb-fc 466
53
2
fc-fd 228
ejj-fd 310
54
1
fd-fe 637
55
2
fe-ff 275
ejj-ff 471
56
1
ff-fg 317
57
2
fg-fh 463
ejj-fh 365
58
1
fh-fi 557
59
2
fi-fj 53
ejj-fj 345
60
1
fj-ga 331
61
2
ga-gb 543
ejj-gb 342
62
1
gb-gc 279
63
2
gc-gd 197
ejj-gd 481
64
1
gd-ge 417
65
2
ge-gf 255
ejj-gf 236
66
1
gf-gg 368
67
2
gg-gh 319
ejj-gh 196
68
1
gh-gi 344
69
2
gi-gj 566
ejj-gj 370
70
1
gj-ha 650
71
2
ha-hb 21
ejj-hb 194
72
1
hb-hc 116
73
2
hc-hd 33
ejj-hd 237
74
1
hd-he 561
75
2
he-hf 223
ejj-hf 222
76
1
hf-hg 291
77
2
hg-hh 196
ejj-hh 626
78
1
hh-hi 361
79
2
hi-hj 615
ejj-hj 193
80
1
hj-ia 353
81
2
ia-ib 578
ejj-ib 106
82
1
ib-ic 464
83
2
ic-id 535
ejj-id 502
84
1
id-ie 566
85
2
ie-if 6
ejj-if 205
86
1
if-ig 69
87
2
ig-ih 68
ejj-ih 285
88
1
ih-ii 643
89
2
ii-ij 92
ejj-ij 272
90
1
ij-ja 19
91
2
ja-jb 33
ejj-jb 250
92
1
jb-jc 75
93
2
jc-jd 551
ejj-jd 371
94
1
jd-je 400
95
2
je-jf 177
ejj-jf 170
96
1
jf-jg 667
97
2
jg-jh 264
ejj-jh 304
98
1
jh-ji 482
99
2
ji-jj 162
ejj-jj 605
100
1
jj-baa 645
101
2
baa-bab 9
ejj-bab 606
102
1
bab-bac 261
103
2
bac-bad 147
ejj-bad 576
104
1
bad-bae 527
105
2
bae-baf 341
ejj-baf 91
106
1
baf-bag 253
107
2
bag-bah 321
ejj-bah 230
108
1
bah-bai 22
109
2
bai-baj 237
ejj-baj 572
110
1
baj-bba 578
111
2
bba-bbb 451
ejj-bbb 37
112
1
bbb-bbc 82
113
2
bbc-bbd 547
ejj-bbd 385
114
1
bbd-bbe 286
115
2
bbe-bbf 563
ejj-bbf 367
116
1
bbf-bbg 545
117
2
bbg-bbh 548
ejj-bbh 8
118
1
bbh-bbi 197
119
2
bbi-bbj 107
ejj-bbj 549
120
1
bbj-bca 598
121
2
bca-bcb 376
ejj-bcb 11
122
1
bcb-bcc 46
123
2
bcc-bcd 138
ejj-bcd 48
124
1
bcd-bce 346
125
2
bce-bcf 272
ejj-bcf 473
126
1
bcf-bcg 229
127
2
bcg-bch 299
ejj-bch 592
128
1
bch-bci 273
129
2
bci-bcj 605
ejj-bcj 376
130
1
bcj-bda 36
131
2
bda-bdb 574
ejj-bdb 134
132
1
bdb-bdc 500
133
2
bdc-bdd 427
ejj-bdd 535
134
1
bdd-bde 59
135
2
bde-bdf 447
ejj-bdf 487
136
1
bdf-bdg 99
137
2
bdg-bdh 649
ejj-bdh 320
138
1
bdh-bdi 242
139
2
bdi-bdj 472
ejj-bdj 6
140
1
bdj-bea 203
141
2
bea-beb 144
ejj-beb 80
142
1
beb-bec 436
143
2
bec-bed 98
ejj-bed 166
144
1
bed-bee 181
145
2
bee-bef 75
ejj-bef 282
146
1
bef-beg 515
147
2
beg-beh 436
ejj-beh 135
148
1
beh-bei 12
149
2
bei-bej 184
ejj-bej 19
150
1
bej-bfa 16
151
2
bfa-bfb 284
ejj-bfb 289
152
1
bfb-bfc 258
153
2
bfc-bfd 369
ejj-bfd 11
154
1
bfd-bfe 489
155
2
bfe-bff 178
ejj-bff 146
156
1
bff-bfg 139
157
2
bfg-bfh 206
ejj-bfh 125
158
1
bfh-bfi 499
159
2
bfi-bfj 301
ejj-bfj 525
160
1
bfj-bga 69
161
2
bga-bgb 574
ejj-bgb 128
162
1
bgb-bgc 552
163
2
bgc-bgd 89
ejj-bgd 265
164
1
bgd-bge 460
165
2
bge-bgf 10
ejj-bgf 480
166
1
bgf-bgg 309
167
2
bgg-bgh 381
ejj-bgh 659
168
1
bgh-bgi 24
169
2
bgi-bgj 629
ejj-bgj 571
170
1
bgj-bha 429
171
2
bha-bhb 176
ejj-bhb 645
172
1
bhb-bhc 526
173
2
bhc-bhd 93
ejj-bhd 281
174
1
bhd-bhe 543
175
2
bhe-bhf 9
ejj-bhf 257
176
1
bhf-bhg 6
177
2
bhg-bhh 72
ejj-bhh 386
178
1
bhh-bhi 402
179
2
bhi-bhj 505
ejj-bhj 243
180
1
bhj-bia 530
181
2
bia-bib 505
ejj-bib 257
182
1
bib-bic 7
183
2
bic-bid 375
ejj-bid 40
184
1
bid-bie 574
185
2
bie-bif 385
ejj-bif 52
186
1
bif-big 480
187
2
big-bih 292
ejj-bih 10
188
1
bih-bii 397
189
2
bii-bij 126
ejj-bij 342
190
1
bij-bja 326
191
2
bja-bjb 198
ejj-bjb 550
192
1
bjb-bjc 468
193
2
bjc-bjd 239
ejj-bjd 328
194
1
bjd-bje 665
195
2
bje-bjf 429
ejj-bjf 314
196
1
bjf-bjg 458
197
2
bjg-bjh 386
ejj-bjh 451
198
1
bjh-bji 426
199
2
bji-bjj 51
ejj-bjj 377
200
1
bjj-caa 535
201
2
caa-cab 378
ejj-cab 46
202
1
cab-cac 602
203
2
cac-cad 105
ejj-cad 168
204
1
cad-cae 302
205
2
cae-caf 204
ejj-caf 576
206
1
caf-cag 274
207
2
cag-cah 160
ejj-cah 36
208
1
cah-cai 583
209
2
cai-caj 476
ejj-caj 186
210
1
caj-cba 419
211
2
cba-cbb 85
ejj-cbb 422
212
1
cbb-cbc 153
213
2
cbc-cbd 159
ejj-cbd 136
214
1
cbd-cbe 216
215
2
cbe-cbf 584
ejj-cbf 660
216
1
cbf-cbg 22
217
2
cbg-cbh 327
ejj-cbh 160
218
1
cbh-cbi 374
219
2
cbi-cbj 116
ejj-cbj 325
220
1
cbj-cca 596
221
2
cca-ccb 35
ejj-ccb 589
222
1
ccb-ccc 377
223
2
ccc-ccd 29
ejj-ccd 642
224
1
ccd-cce 438
225
2
cce-ccf 533
ejj-ccf 446
226
1
ccf-ccg 470
227
2
ccg-cch 330
ejj-cch 75
228
1
cch-cci 185
229
2
cci-ccj 642
ejj-ccj 89
230
1
ccj-cda 212
231
2
cda-cdb 460
ejj-cdb 554
232
1
cdb-cdc 239
233
2
cdc-cdd 595
ejj-cdd 38
234
1
cdd-cde 4
235
2
cde-cdf 666
ejj-cdf 462
236
1
cdf-cdg 167
237
2
cdg-cdh 205
ejj-cdh 198
238
1
cdh-cdi 580
239
2
cdi-cdj 191
ejj-cdj 429
240
1
cdj-cea 349
241
2
cea-ceb 586
ejj-ceb 166
242
1
ceb-cec 33
243
2
cec-ced 667
ejj-ced 445
244
1
ced-cee 672
245
2
cee-cef 675
ejj-cef 321
246
1
cef-ceg 549
247
2
ceg-ceh 501
ejj-ceh 23
248
1
ceh-cei 85
249
2
cei-cej 46
ejj-cej 442
250
1
cej-cfa 343
251
2
cfa-cfb 76
ejj-cfb 597
252
1
cfb-cfc 517
253
2
cfc-cfd 285
ejj-cfd 660
254
1
cfd-cfe 83
255
2
cfe-cff 129
ejj-cff 304
256
1
cff-cfg 505
257
2
cfg-cfh 602
ejj-cfh 375
258
1
cfh-cfi 107
259
2
cfi-cfj 399
ejj-cfj 443
260
1
cfj-cga 672
261
2
cga-cgb 517
ejj-cgb 47
262
1
cgb-cgc 55
263
2
cgc-cgd 306
ejj-cgd 254
264
1
cgd-cge 42
265
2
cge-cgf 420
ejj-cgf 549
266
1
cgf-cgg 624
267
2
cgg-cgh 307
ejj-cgh 282
268
1
cgh-cgi 146
269
2
cgi-cgj 93
ejj-cgj 295
270
1
cgj-cha 477
271
2
cha-chb 575
ejj-chb 529
272
1
chb-chc 348
273
2
chc-chd 530
ejj-chd 451
274
1
chd-che 202
275
2
che-chf 267
ejj-chf 339
276
1
chf-chg 634
277
2
chg-chh 516
ejj-chh 140
278
1
chh-chi 341
279
2
chi-chj 75
ejj-chj 434
280
1
chj-cia 617
281
2
cia-cib 457
ejj-cib 454
282
1
cib-cic 193
283
2
cic-cid 672
ejj-cid 525
284
1
cid-cie 397
285
2
cie-cif 672
ejj-cif 338
286
1
cif-cig 91
287
2
cig-cih 664
ejj-cih 247
288
1
cih-cii 135
289
2
cii-cij 518
ejj-cij 313
290
1
cij-cja 528
291
2
cja-cjb 242
ejj-cjb 174
292
1
cjb-cjc 126
293
2
cjc-cjd 533
ejj-cjd 221
294
1
cjd-cje 625
295
2
cje-cjf 419
ejj-cjf 584
296
1
cjf-cjg 223
297
2
cjg-cjh 45
ejj-cjh 264
298
1
cjh-cji 425
299
2
cji-cjj 311
ejj-cjj 273
300
1
cjj-daa 276
301
2
daa-dab 673
ejj-dab 427
302
1
dab-dac 202
303
2
dac-dad 665
ejj-dad 299
304
1
dad-dae 90
305
2
dae-daf 316
ejj-daf 383
306
1
daf-dag 565
307
2
dag-dah 660
ejj-dah 556
308
1
dah-dai 555
309
2
dai-daj 544
ejj-daj 55
310
1
daj-dba 304
311
2
dba-dbb 66
ejj-dbb 136
312
1
dbb-dbc 512
313
2
dbc-dbd 501
ejj-dbd 619
314
1
dbd-dbe 91
315
2
dbe-dbf 481
ejj-dbf 379
316
1
dbf-dbg 465
317
2
dbg-dbh 657
ejj-dbh 73
318
1
dbh-dbi 628
319
2
dbi-dbj 93
ejj-dbj 252
320
1
dbj-dca 263
321
2
dca-dcb 211
ejj-dcb 322
322
1
dcb-dcc 582
323
2
dcc-dcd 584
ejj-dcd 12
324
1
dcd-dce 258
325
2
dce-dcf 180
ejj-dcf 39
326
1
dcf-dcg 675
327
2
dcg-dch 672
ejj-dch 48
328
1
dch-dci 196
329
2
dci-dcj 463
ejj-dcj 342
330
1
dcj-dda 160
331
2
dda-ddb 153
ejj-ddb 199
332
1
ddb-ddc 625
333
2
ddc-ddd 573
ejj-ddd 273
334
1
ddd-dde 157
335
2
dde-ddf 335
ejj-ddf 409
336
1
ddf-ddg 661
337
2
ddg-ddh 668
ejj-ddh 122
338
1
ddh-ddi 318
339
2
ddi-ddj 176
ejj-ddj 548
340
1
ddj-dea 386
341
2
dea-deb 575
ejj-deb 508
342
1
deb-dec 471
343
2
dec-ded 606
ejj-ded 419
344
1
ded-dee 675
345
2
dee-def 5
ejj-def 621
346
1
def-deg 5
347
2
deg-deh 364
ejj-deh 228
348
1
deh-dei 10
349
2
dei-dej 231
ejj-dej 544
350
1
dej-dfa 505
351
2
dfa-dfb 231
ejj-dfb 441
352
1
dfb-dfc 98
353
2
dfc-dfd 490
ejj-dfd 503
354
1
dfd-dfe 550
355
2
dfe-dff 68
ejj-dff 427
356
1
dff-dfg 256
357
2
dfg-dfh 384
ejj-dfh 265
358
1
dfh-dfi 120
359
2
dfi-dfj 530
ejj-dfj 606
360
1
dfj-dga 202
361
2
dga-dgb 343
ejj-dgb 613
362
1
dgb-dgc 559
363
2
dgc-dgd 440
ejj-dgd 564
364
1
dgd-dge 360
365
2
dge-dgf 237
ejj-dgf 668
366
1
dgf-dgg 226
367
2
dgg-dgh 156
ejj-dgh 291
368
1
dgh-dgi 386
369
2
dgi-dgj 238
ejj-dgj 118
370
1
dgj-dha 417
371
2
dha-dhb 505
ejj-dhb 558
372
1
dhb-dhc 601
373
2
dhc-dhd 535
ejj-dhd 344
374
1
dhd-dhe 663
375
2
dhe-dhf 229
ejj-dhf 584
376
1
dhf-dhg 198
377
2
dhg-dhh 54
ejj-dhh 381
378
1
dhh-dhi 416
379
2
dhi-dhj 109
ejj-dhj 34
380
1
dhj-dia 287
381
2
dia-dib 453
ejj-dib 183
382
1
dib-dic 628
383
2
dic-did 627
ejj-did 385
384
1
did-die 454
385
2
die-dif 466
ejj-dif 106
386
1
dif-dig 665
387
2
dig-dih 216
ejj-dih 429
388
1
dih-dii 521
389
2
dii-dij 354
ejj-dij 385
390
1
dij-dja 484
391
2
dja-djb 670
ejj-djb 658
392
1
djb-djc 34
393
2
djc-djd 520
ejj-djd 457
394
1
djd-dje 329
395
2
dje-djf 236
ejj-djf 400
396
1
djf-djg 44
397
2
djg-djh 96
ejj-djh 237
398
1
djh-dji 350
399
2
dji-djj 94
ejj-djj 570
400
1
djj-eaa 632
401
2
eaa-eab 492
ejj-eab 2
402
1
eab-eac 632
403
2
eac-ead 639
ejj-ead 92
404
1
ead-eae 207
405
2
eae-eaf 75
ejj-eaf 112
406
1
eaf-eag 512
407
2
eag-eah 413
ejj-eah 116
408
1
eah-eai 358
409
2
eai-eaj 523
ejj-eaj 223
410
1
eaj-eba 558
411
2
eba-ebb 136
ejj-ebb 658
412
1
ebb-ebc 207
413
2
ebc-ebd 652
ejj-ebd 658
414
1
ebd-ebe 442
415
2
ebe-ebf 45
ejj-ebf 298
416
1
ebf-ebg 494
417
2
ebg-ebh 395
ejj-ebh 3
418
1
ebh-ebi 204
419
2
ebi-ebj 359
ejj-ebj 237
420
1
ebj-eca 518
421
2
eca-ecb 537
ejj-ecb 654
422
1
ecb-ecc 267
423
2
ecc-ecd 186
ejj-ecd 33
424
1
ecd-ece 380
425
2
ece-ecf 438
ejj-ecf 143
426
1
ecf-ecg 456
427
2
ecg-ech 655
ejj-ech 668
428
1
ech-eci 660
429
2
eci-ecj 546
ejj-ecj 10
430
1
ecj-eda 80
431
2
eda-edb 274
ejj-edb 317
432
1
edb-edc 602
433
2
edc-edd 459
ejj-edd 101
434
1
edd-ede 364
435
2
ede-edf 26
ejj-edf 222
436
1
edf-edg 572
437
2
edg-edh 227
ejj-edh 293
438
1
edh-edi 406
439
2
edi-edj 388
ejj-edj 213
440
1
edj-eea 290
441
2
eea-eeb 374
ejj-eeb 596
442
1
eeb-eec 218
443
2
eec-eed 360
ejj-eed 48
444
1
eed-eee 136
445
2
eee-eef 57
ejj-eef 586
446
1
eef-eeg 575
447
2
eeg-eeh 46
ejj-eeh 620
448
1
eeh-eei 248
449
2
eei-eej 5
ejj-eej 335
450
1
eej-efa 612
451
2
efa-efb 196
ejj-efb 268
452
1
efb-efc 598
453
2
efc-efd 34
ejj-efd 123
454
1
efd-efe 138
455
2
efe-eff 51
ejj-eff 549
456
1
eff-efg 122
457
2
efg-efh 366
ejj-efh 574
458
1
efh-efi 278
459
2
efi-efj 245
ejj-efj 582
460
1
efj-ega 564
461
2
ega-egb 412
ejj-egb 605
462
1
egb-egc 611
463
2
egc-egd 601
ejj-egd 566
464
1
egd-ege 364
465
2
ege-egf 240
ejj-egf 598
466
1
egf-egg 494
467
2
egg-egh 420
ejj-egh 605
468
1
egh-egi 335
469
2
egi-egj 365
ejj-egj 588
470
1
egj-eha 128
471
2
eha-ehb 457
ejj-ehb 74
472
1
ehb-ehc 187
473
2
ehc-ehd 358
ejj-ehd 612
474
1
ehd-ehe 301
475
2
ehe-ehf 661
ejj-ehf 507
476
1
ehf-ehg 73
477
2
ehg-ehh 511
ejj-ehh 593
478
1
ehh-ehi 414
479
2
ehi-ehj 459
ejj-ehj 623
480
1
ehj-eia 524
481
2
eia-eib 185
ejj-eib 30
482
1
eib-eic 42
483
2
eic-eid 341
ejj-eid 100
484
1
eid-eie 550
485
2
eie-eif 655
ejj-eif 614
486
1
eif-eig 338
487
2
eig-eih 578
ejj-eih 164
488
1
eih-eii 187
489
2
eii-eij 206
ejj-eij 647
490
1
eij-eja 455
491
2
eja-ejb 405
ejj-ejb 488
492
1
ejb-ejc 487
493
2
ejc-ejd 503
ejj-ejd 664
494
1
ejd-eje 661
495
2
eje-ejf 27
ejj-ejf 433
496
1
ejf-ejg 338
497
2
ejg-ejh 662
ejj-ejh 243
498
1
ejh-eji 360
499
250
a-ejj 174
c-ejj 564
e-ejj 304
g-ejj 429
i-ejj 40
ba-ejj 434
bc-ejj 212
be-ejj 518
bg-ejj 201
bi-ejj 538
ca-ejj 35
cc-ejj 161
ce-ejj 82
cg-ejj 253
ci-ejj 560
da-ejj 625
dc-ejj 654
de-ejj 193
dg-ejj 122
di-ejj 348
ea-ejj 439
ec-ejj 352
ee-ejj 155
eg-ejj 523
ei-ejj 391
fa-ejj 91
fc-ejj 338
fe-ejj 444
fg-ejj 151
fi-ejj 232
ga-ejj 58
gc-ejj 90
ge-ejj 190
gg-ejj 666
gi-ejj 68
ha-ejj 612
hc-ejj 58
he-ejj 495
hg-ejj 321
hi-ejj 541
ia-ejj 88
ic-ejj 424
ie-ejj 312
ig-ejj 132
ii-ejj 82
ja-ejj 137
jc-ejj 49
je-ejj 662
jg-ejj 588
ji-ejj 179
baa-ejj 74
bac-ejj 510
bae-ejj 156
bag-ejj 150
bai-ejj 518
bba-ejj 113
bbc-ejj 202
bbe-ejj 166
bbg-ejj 81
bbi-ejj 340
bca-ejj 496
bcc-ejj 281
bce-ejj 278
bcg-ejj 666
bci-ejj 600
bda-ejj 285
bdc-ejj 384
bde-ejj 116
bdg-ejj 643
bdi-ejj 522
bea-ejj 477
bec-ejj 600
bee-ejj 200
beg-ejj 666
bei-ejj 464
bfa-ejj 71
bfc-ejj 77
bfe-ejj 394
bfg-ejj 115
bfi-ejj 346
bga-ejj 505
bgc-ejj 525
bge-ejj 20
bgg-ejj 573
bgi-ejj 520
bha-ejj 230
bhc-ejj 671
bhe-ejj 46
bhg-ejj 541
bhi-ejj 34
bia-ejj 413
bic-ejj 482
bie-ejj 54
big-ejj 566
bii-ejj 332
bja-ejj 385
bjc-ejj 397
bje-ejj 381
bjg-ejj 38
bji-ejj 282
caa-ejj 486
cac-ejj 577
cae-ejj 554
cag-ejj 647
cai-ejj 287
cba-ejj 354
cbc-ejj 441
cbe-ejj 554
cbg-ejj 511
cbi-ejj 26
cca-ejj 616
ccc-ejj 573
cce-ejj 5
ccg-ejj 652
cci-ejj 211
cda-ejj 396
cdc-ejj 133
cde-ejj 592
cdg-ejj 530
cdi-ejj 80
cea-ejj 55
cec-ejj 12
cee-ejj 542
ceg-ejj 256
cei-ejj 585
cfa-ejj 155
cfc-ejj 204
cfe-ejj 506
cfg-ejj 536
cfi-ejj 520
cga-ejj 433
cgc-ejj 148
cge-ejj 535
cgg-ejj 207
cgi-ejj 30
cha-ejj 608
chc-ejj 604
che-ejj 619
chg-ejj 364
chi-ejj 505
cia-ejj 456
cic-ejj 555
cie-ejj 178
cig-ejj 624
cii-ejj 313
cja-ejj 374
cjc-ejj 234
cje-ejj 195
cjg-ejj 638
cji-ejj 218
daa-ejj 49
dac-ejj 8
dae-ejj 419
dag-ejj 566
dai-ejj 131
dba-ejj 287
dbc-ejj 276
dbe-ejj 362
dbg-ejj 421
dbi-ejj 543
dca-ejj 575
dcc-ejj 226
dce-ejj 589
dcg-ejj 181
dci-ejj 597
dda-ejj 184
ddc-ejj 347
dde-ejj 102
ddg-ejj 126
ddi-ejj 16
dea-ejj 40
dec-ejj 410
dee-ejj 301
deg-ejj 420
dei-ejj 348
dfa-ejj 473
dfc-ejj 7
dfe-ejj 57
dfg-ejj 279
dfi-ejj 170
dga-ejj 524
dgc-ejj 273
dge-ejj 656
dgg-ejj 206
dgi-ejj 372
dha-ejj 267
dhc-ejj 665
dhe-ejj 628
dhg-ejj 602
dhi-ejj 626
dia-ejj 484
dic-ejj 101
die-ejj 524
dig-ejj 358
dii-ejj 50
dja-ejj 341
djc-ejj 265
dje-ejj 455
djg-ejj 124
dji-ejj 163
eaa-ejj 113
eac-ejj 442
eae-ejj 400
eag-ejj 573
eai-ejj 323
eba-ejj 65
ebc-ejj 635
ebe-ejj 373
ebg-ejj 62
ebi-ejj 659
eca-ejj 280
ecc-ejj 577
ece-ejj 598
ecg-ejj 22
eci-ejj 54
eda-ejj 474
edc-ejj 489
ede-ejj 349
edg-ejj 384
edi-ejj 605
eea-ejj 209
eec-ejj 222
eee-ejj 418
eeg-ejj 585
eei-ejj 424
efa-ejj 127
efc-ejj 117
efe-ejj 4
efg-ejj 241
efi-ejj 436
ega-ejj 296
egc-ejj 237
ege-ejj 451
egg-ejj 577
egi-ejj 161
eha-ejj 236
ehc-ejj 21
ehe-ejj 479
ehg-ejj 613
ehi-ejj 274
eia-ejj 71
eic-ejj 487
eie-ejj 81
eig-ejj 194
eii-ejj 418
eja-ejj 12
ejc-ejj 415
eje-ejj 80
ejg-ejj 76
eji-ejj 281
